2015-05-12 03:58:03 Error: [MissingConnectionException] Database connection "Mysql" is missing, or could not be created.
Exception Attributes: array (
  'class' => 'Mysql',
  'message' => 'SQLSTATE[HY000] [1045] Access denied for user \'root\'@\'localhost\' (using password: YES)',
  'enabled' => true,
)
Request URL: /FDC_AS/employees/getEmployees
Stack Trace:
#0 C:\wamp\www\FDC_AS\lib\Cake\Model\Datasource\DboSource.php(260): Mysql->connect()
#1 C:\wamp\www\FDC_AS\lib\Cake\Model\ConnectionManager.php(105): DboSource->__construct(Array)
#2 C:\wamp\www\FDC_AS\lib\Cake\Model\Model.php(3617): ConnectionManager::getDataSource('default')
#3 C:\wamp\www\FDC_AS\lib\Cake\Model\Model.php(1155): Model->setDataSource('default')
#4 C:\wamp\www\FDC_AS\lib\Cake\Model\Model.php(3644): Model->setSource('employees')
#5 C:\wamp\www\FDC_AS\lib\Cake\Model\Model.php(3022): Model->getDataSource()
#6 C:\wamp\www\FDC_AS\lib\Cake\Model\Model.php(2994): Model->_readDataSource('all', Array)
#7 C:\wamp\www\FDC_AS\app\Controller\EmployeesController.php(46): Model->find('all', Array)
#8 [internal function]: EmployeesController->getEmployees()
#9 C:\wamp\www\FDC_AS\lib\Cake\Controller\Controller.php(490): ReflectionMethod->invokeArgs(Object(EmployeesController), Array)
#10 C:\wamp\www\FDC_AS\lib\Cake\Routing\Dispatcher.php(193): Controller->invokeAction(Object(CakeRequest))
#11 C:\wamp\www\FDC_AS\lib\Cake\Routing\Dispatcher.php(167): Dispatcher->_invoke(Object(EmployeesController), Object(CakeRequest))
#12 C:\wamp\www\FDC_AS\app\webroot\index.php(118): Dispatcher->dispatch(Object(CakeRequest), Object(CakeResponse))
#13 {main}
2015-05-12 03:58:05 Error: [MissingConnectionException] Database connection "Mysql" is missing, or could not be created.
Exception Attributes: array (
  'class' => 'Mysql',
  'message' => 'SQLSTATE[HY000] [1045] Access denied for user \'root\'@\'localhost\' (using password: YES)',
  'enabled' => true,
)
Request URL: /FDC_AS/employees/getEmployees
Stack Trace:
#0 C:\wamp\www\FDC_AS\lib\Cake\Model\Datasource\DboSource.php(260): Mysql->connect()
#1 C:\wamp\www\FDC_AS\lib\Cake\Model\ConnectionManager.php(105): DboSource->__construct(Array)
#2 C:\wamp\www\FDC_AS\lib\Cake\Model\Model.php(3617): ConnectionManager::getDataSource('default')
#3 C:\wamp\www\FDC_AS\lib\Cake\Model\Model.php(1155): Model->setDataSource('default')
#4 C:\wamp\www\FDC_AS\lib\Cake\Model\Model.php(3644): Model->setSource('employees')
#5 C:\wamp\www\FDC_AS\lib\Cake\Model\Model.php(3022): Model->getDataSource()
#6 C:\wamp\www\FDC_AS\lib\Cake\Model\Model.php(2994): Model->_readDataSource('all', Array)
#7 C:\wamp\www\FDC_AS\app\Controller\EmployeesController.php(46): Model->find('all', Array)
#8 [internal function]: EmployeesController->getEmployees()
#9 C:\wamp\www\FDC_AS\lib\Cake\Controller\Controller.php(490): ReflectionMethod->invokeArgs(Object(EmployeesController), Array)
#10 C:\wamp\www\FDC_AS\lib\Cake\Routing\Dispatcher.php(193): Controller->invokeAction(Object(CakeRequest))
#11 C:\wamp\www\FDC_AS\lib\Cake\Routing\Dispatcher.php(167): Dispatcher->_invoke(Object(EmployeesController), Object(CakeRequest))
#12 C:\wamp\www\FDC_AS\app\webroot\index.php(118): Dispatcher->dispatch(Object(CakeRequest), Object(CakeResponse))
#13 {main}
2015-05-12 04:04:31 Error: Fatal Error (4): syntax error, unexpected end of file, expecting function (T_FUNCTION) in [C:\wamp\www\FDC_AS\app\Model\Employee.php, line 18]
2015-05-12 04:04:31 Error: [FatalErrorException] syntax error, unexpected end of file, expecting function (T_FUNCTION)
Request URL: /FDC_AS/employees/getEmployees
Stack Trace:
#0 C:\wamp\www\FDC_AS\lib\Cake\Error\ErrorHandler.php(213): ErrorHandler::handleFatalError(4, 'syntax error, u...', 'C:\\wamp\\www\\FDC...', 18)
#1 [internal function]: ErrorHandler::handleError(4, 'syntax error, u...', 'C:\\wamp\\www\\FDC...', 18, Array)
#2 C:\wamp\www\FDC_AS\lib\Cake\Core\App.php(931): call_user_func('ErrorHandler::h...', 4, 'syntax error, u...', 'C:\\wamp\\www\\FDC...', 18, Array)
#3 C:\wamp\www\FDC_AS\lib\Cake\Core\App.php(904): App::_checkFatalError()
#4 [internal function]: App::shutdown()
#5 {main}
2015-05-12 04:08:14 Error: [PDOException] SQLSTATE[23000]: Integrity constraint violation: 1452 Cannot add or update a child row: a foreign key constraint fails (`fdc_as`.`employees`, CONSTRAINT `fk_employees_profiles` FOREIGN KEY (`profile_id`) REFERENCES `profiles` (`id`) ON DELETE NO ACTION ON UPDATE NO ACTION)
Request URL: /FDC_AS/employees/saveChanges
Stack Trace:
#0 C:\wamp\www\FDC_AS\lib\Cake\Model\Datasource\DboSource.php(460): PDOStatement->execute(Array)
#1 C:\wamp\www\FDC_AS\lib\Cake\Model\Datasource\DboSource.php(426): DboSource->_execute('INSERT INTO `fd...', Array)
#2 C:\wamp\www\FDC_AS\lib\Cake\Model\Datasource\DboSource.php(1012): DboSource->execute('INSERT INTO `fd...')
#3 C:\wamp\www\FDC_AS\lib\Cake\Model\Model.php(1928): DboSource->create(Object(Employee), Array, Array)
#4 C:\wamp\www\FDC_AS\lib\Cake\Model\Model.php(1751): Model->_doSave(Array, Array)
#5 C:\wamp\www\FDC_AS\app\Controller\EmployeesController.php(126): Model->save(Array)
#6 [internal function]: EmployeesController->saveChanges()
#7 C:\wamp\www\FDC_AS\lib\Cake\Controller\Controller.php(490): ReflectionMethod->invokeArgs(Object(EmployeesController), Array)
#8 C:\wamp\www\FDC_AS\lib\Cake\Routing\Dispatcher.php(193): Controller->invokeAction(Object(CakeRequest))
#9 C:\wamp\www\FDC_AS\lib\Cake\Routing\Dispatcher.php(167): Dispatcher->_invoke(Object(EmployeesController), Object(CakeRequest))
#10 C:\wamp\www\FDC_AS\app\webroot\index.php(118): Dispatcher->dispatch(Object(CakeRequest), Object(CakeResponse))
#11 {main}
2015-05-12 04:12:29 Error: [PDOException] SQLSTATE[23000]: Integrity constraint violation: 1452 Cannot add or update a child row: a foreign key constraint fails (`fdc_as`.`employees`, CONSTRAINT `fk_employees_profiles` FOREIGN KEY (`profile_id`) REFERENCES `profiles` (`id`) ON DELETE NO ACTION ON UPDATE NO ACTION)
Request URL: /FDC_AS/employees/saveChanges
Stack Trace:
#0 C:\wamp\www\FDC_AS\lib\Cake\Model\Datasource\DboSource.php(460): PDOStatement->execute(Array)
#1 C:\wamp\www\FDC_AS\lib\Cake\Model\Datasource\DboSource.php(426): DboSource->_execute('INSERT INTO `fd...', Array)
#2 C:\wamp\www\FDC_AS\lib\Cake\Model\Datasource\DboSource.php(1012): DboSource->execute('INSERT INTO `fd...')
#3 C:\wamp\www\FDC_AS\lib\Cake\Model\Model.php(1928): DboSource->create(Object(Employee), Array, Array)
#4 C:\wamp\www\FDC_AS\lib\Cake\Model\Model.php(1751): Model->_doSave(Array, Array)
#5 C:\wamp\www\FDC_AS\app\Controller\EmployeesController.php(126): Model->save(Array)
#6 [internal function]: EmployeesController->saveChanges()
#7 C:\wamp\www\FDC_AS\lib\Cake\Controller\Controller.php(490): ReflectionMethod->invokeArgs(Object(EmployeesController), Array)
#8 C:\wamp\www\FDC_AS\lib\Cake\Routing\Dispatcher.php(193): Controller->invokeAction(Object(CakeRequest))
#9 C:\wamp\www\FDC_AS\lib\Cake\Routing\Dispatcher.php(167): Dispatcher->_invoke(Object(EmployeesController), Object(CakeRequest))
#10 C:\wamp\www\FDC_AS\app\webroot\index.php(118): Dispatcher->dispatch(Object(CakeRequest), Object(CakeResponse))
#11 {main}
2015-05-12 04:12:34 Error: [PDOException] SQLSTATE[23000]: Integrity constraint violation: 1452 Cannot add or update a child row: a foreign key constraint fails (`fdc_as`.`employees`, CONSTRAINT `fk_employees_profiles` FOREIGN KEY (`profile_id`) REFERENCES `profiles` (`id`) ON DELETE NO ACTION ON UPDATE NO ACTION)
Request URL: /FDC_AS/employees/saveChanges
Stack Trace:
#0 C:\wamp\www\FDC_AS\lib\Cake\Model\Datasource\DboSource.php(460): PDOStatement->execute(Array)
#1 C:\wamp\www\FDC_AS\lib\Cake\Model\Datasource\DboSource.php(426): DboSource->_execute('INSERT INTO `fd...', Array)
#2 C:\wamp\www\FDC_AS\lib\Cake\Model\Datasource\DboSource.php(1012): DboSource->execute('INSERT INTO `fd...')
#3 C:\wamp\www\FDC_AS\lib\Cake\Model\Model.php(1928): DboSource->create(Object(Employee), Array, Array)
#4 C:\wamp\www\FDC_AS\lib\Cake\Model\Model.php(1751): Model->_doSave(Array, Array)
#5 C:\wamp\www\FDC_AS\app\Controller\EmployeesController.php(126): Model->save(Array)
#6 [internal function]: EmployeesController->saveChanges()
#7 C:\wamp\www\FDC_AS\lib\Cake\Controller\Controller.php(490): ReflectionMethod->invokeArgs(Object(EmployeesController), Array)
#8 C:\wamp\www\FDC_AS\lib\Cake\Routing\Dispatcher.php(193): Controller->invokeAction(Object(CakeRequest))
#9 C:\wamp\www\FDC_AS\lib\Cake\Routing\Dispatcher.php(167): Dispatcher->_invoke(Object(EmployeesController), Object(CakeRequest))
#10 C:\wamp\www\FDC_AS\app\webroot\index.php(118): Dispatcher->dispatch(Object(CakeRequest), Object(CakeResponse))
#11 {main}
2015-05-12 04:13:06 Error: [PDOException] SQLSTATE[23000]: Integrity constraint violation: 1452 Cannot add or update a child row: a foreign key constraint fails (`fdc_as`.`employees`, CONSTRAINT `fk_employees_profiles` FOREIGN KEY (`profile_id`) REFERENCES `profiles` (`id`) ON DELETE NO ACTION ON UPDATE NO ACTION)
Request URL: /FDC_AS/employees/saveChanges
Stack Trace:
#0 C:\wamp\www\FDC_AS\lib\Cake\Model\Datasource\DboSource.php(460): PDOStatement->execute(Array)
#1 C:\wamp\www\FDC_AS\lib\Cake\Model\Datasource\DboSource.php(426): DboSource->_execute('INSERT INTO `fd...', Array)
#2 C:\wamp\www\FDC_AS\lib\Cake\Model\Datasource\DboSource.php(1012): DboSource->execute('INSERT INTO `fd...')
#3 C:\wamp\www\FDC_AS\lib\Cake\Model\Model.php(1928): DboSource->create(Object(Employee), Array, Array)
#4 C:\wamp\www\FDC_AS\lib\Cake\Model\Model.php(1751): Model->_doSave(Array, Array)
#5 C:\wamp\www\FDC_AS\app\Controller\EmployeesController.php(126): Model->save(Array)
#6 [internal function]: EmployeesController->saveChanges()
#7 C:\wamp\www\FDC_AS\lib\Cake\Controller\Controller.php(490): ReflectionMethod->invokeArgs(Object(EmployeesController), Array)
#8 C:\wamp\www\FDC_AS\lib\Cake\Routing\Dispatcher.php(193): Controller->invokeAction(Object(CakeRequest))
#9 C:\wamp\www\FDC_AS\lib\Cake\Routing\Dispatcher.php(167): Dispatcher->_invoke(Object(EmployeesController), Object(CakeRequest))
#10 C:\wamp\www\FDC_AS\app\webroot\index.php(118): Dispatcher->dispatch(Object(CakeRequest), Object(CakeResponse))
#11 {main}
2015-05-12 04:14:02 Error: [PDOException] SQLSTATE[23000]: Integrity constraint violation: 1452 Cannot add or update a child row: a foreign key constraint fails (`fdc_as`.`employees`, CONSTRAINT `fk_employees_profiles` FOREIGN KEY (`profile_id`) REFERENCES `profiles` (`id`) ON DELETE NO ACTION ON UPDATE NO ACTION)
Request URL: /FDC_AS/employees/saveChanges
Stack Trace:
#0 C:\wamp\www\FDC_AS\lib\Cake\Model\Datasource\DboSource.php(460): PDOStatement->execute(Array)
#1 C:\wamp\www\FDC_AS\lib\Cake\Model\Datasource\DboSource.php(426): DboSource->_execute('INSERT INTO `fd...', Array)
#2 C:\wamp\www\FDC_AS\lib\Cake\Model\Datasource\DboSource.php(1012): DboSource->execute('INSERT INTO `fd...')
#3 C:\wamp\www\FDC_AS\lib\Cake\Model\Model.php(1928): DboSource->create(Object(Employee), Array, Array)
#4 C:\wamp\www\FDC_AS\lib\Cake\Model\Model.php(1751): Model->_doSave(Array, Array)
#5 C:\wamp\www\FDC_AS\app\Controller\EmployeesController.php(127): Model->save(Array)
#6 [internal function]: EmployeesController->saveChanges()
#7 C:\wamp\www\FDC_AS\lib\Cake\Controller\Controller.php(490): ReflectionMethod->invokeArgs(Object(EmployeesController), Array)
#8 C:\wamp\www\FDC_AS\lib\Cake\Routing\Dispatcher.php(193): Controller->invokeAction(Object(CakeRequest))
#9 C:\wamp\www\FDC_AS\lib\Cake\Routing\Dispatcher.php(167): Dispatcher->_invoke(Object(EmployeesController), Object(CakeRequest))
#10 C:\wamp\www\FDC_AS\app\webroot\index.php(118): Dispatcher->dispatch(Object(CakeRequest), Object(CakeResponse))
#11 {main}
